p/image_0.jpg 1 0 0 240 160
p/image_1.jpg 1 0 0 259 194
p/image_10.jpg 1 0 0 292 173
p/image_100.jpg 1 0 0 299 168
p/image_101.jpg 1 0 0 299 169
p/image_102.jpg 1 0 0 300 168
p/image_103.jpg 1 0 0 275 183
p/image_104.jpg 1 0 0 275 183
p/image_105.jpg 1 0 0 260 194
p/image_106.jpg 1 0 0 237 212
p/image_107.jpg 1 0 0 225 225
p/image_108.jpg 1 0 0 271 186
p/image_109.jpg 1 0 0 271 186
p/image_11.jpg 1 0 0 273 184
p/image_110.jpg 1 0 0 300 168
p/image_111.jpg 1 0 0 300 168
p/image_112.jpg 1 0 0 275 183
p/image_113.jpg 1 0 0 283 178
p/image_114.jpg 1 0 0 283 178
p/image_115.jpg 1 0 0 300 168
p/image_116.jpg 1 0 0 300 168
p/image_117.jpg 1 0 0 300 168
p/image_118.jpg 1 0 0 300 168
p/image_119.jpg 1 0 0 217 232
p/image_12.jpg 1 0 0 183 275
p/image_120.jpg 1 0 0 217 232
p/image_121.jpg 1 0 0 300 168
p/image_122.jpg 1 0 0 300 168
p/image_123.jpg 1 0 0 300 168
p/image_124.jpg 1 0 0 259 194
p/image_125.jpg 1 0 0 259 194
p/image_126.jpg 1 0 0 299 168
p/image_127.jpg 1 0 0 287 175
p/image_128.jpg 1 0 0 225 225
p/image_129.jpg 1 0 0 266 160
p/image_13.jpg 1 0 0 275 183
p/image_130.jpg 1 0 0 240 135
p/image_131.jpg 1 0 0 300 168
p/image_132.jpg 1 0 0 300 168
p/image_133.jpg 1 0 0 300 168
p/image_134.jpg 1 0 0 259 194
p/image_135.jpg 1 0 0 275 183
p/image_136.jpg 1 0 0 275 183
p/image_137.jpg 1 0 0 275 183
p/image_138.jpg 1 0 0 299 169
p/image_139.jpg 1 0 0 300 168
p/image_14.jpg 1 0 0 300 168
p/image_140.jpg 1 0 0 300 168
p/image_141.jpg 1 0 0 259 194
p/image_142.jpg 1 0 0 275 184
p/image_143.jpg 1 0 0 275 184
p/image_144.jpg 1 0 0 275 183
p/image_145.jpg 1 0 0 300 168
p/image_146.jpg 1 0 0 295 171
p/image_147.jpg 1 0 0 280 180
p/image_148.jpg 1 0 0 177 285
p/image_149.jpg 1 0 0 275 183
p/image_15.jpg 1 0 0 300 168
p/image_150.jpg 1 0 0 275 183
p/image_151.jpg 1 0 0 275 183
p/image_152.jpg 1 0 0 286 176
p/image_153.jpg 1 0 0 300 168
p/image_154.jpg 1 0 0 275 183
p/image_155.jpg 1 0 0 362 139
p/image_156.jpg 1 0 0 300 168
p/image_157.jpg 1 0 0 275 183
p/image_158.jpg 1 0 0 282 179
p/image_159.jpg 1 0 0 259 194
p/image_16.jpg 1 0 0 259 194
p/image_160.jpg 1 0 0 299 168
p/image_161.jpg 1 0 0 299 168
p/image_162.jpg 1 0 0 299 168
p/image_163.jpg 1 0 0 300 168
p/image_164.jpg 1 0 0 275 183
p/image_165.jpg 1 0 0 300 168
p/image_166.jpg 1 0 0 275 183
p/image_167.jpg 1 0 0 297 170
p/image_168.jpg 1 0 0 259 194
p/image_169.jpg 1 0 0 300 168
p/image_17.jpg 1 0 0 184 274
p/image_170.jpg 1 0 0 172 292
p/image_171.jpg 1 0 0 308 164
p/image_172.jpg 1 0 0 275 183
p/image_173.jpg 1 0 0 178 284
p/image_174.jpg 1 0 0 292 173
p/image_175.jpg 1 0 0 259 194
p/image_176.jpg 1 0 0 299 168
p/image_177.jpg 1 0 0 300 168
p/image_178.jpg 1 0 0 283 178
p/image_179.jpg 1 0 0 240 210
p/image_18.jpg 1 0 0 259 194
p/image_180.jpg 1 0 0 291 173
p/image_181.jpg 1 0 0 299 169
p/image_182.jpg 1 0 0 299 168
p/image_183.jpg 1 0 0 300 168
p/image_184.jpg 1 0 0 294 171
p/image_185.jpg 1 0 0 299 168
p/image_186.jpg 1 0 0 263 191
p/image_187.jpg 1 0 0 263 191
p/image_188.jpg 1 0 0 240 160
p/image_189.jpg 1 0 0 271 186
p/image_19.jpg 1 0 0 300 168
p/image_190.jpg 1 0 0 259 194
p/image_191.jpg 1 0 0 275 183
p/image_192.jpg 1 0 0 300 168
p/image_193.jpg 1 0 0 300 168
p/image_194.jpg 1 0 0 194 259
p/image_195.jpg 1 0 0 259 194
p/image_196.jpg 1 0 0 262 192
p/image_197.jpg 1 0 0 275 183
p/image_198.jpg 1 0 0 299 168
p/image_199.jpg 1 0 0 274 184
p/image_2.jpg 1 0 0 298 169
p/image_20.jpg 1 0 0 300 168
p/image_21.jpg 1 0 0 274 184
p/image_22.jpg 1 0 0 251 201
p/image_23.jpg 1 0 0 300 168
p/image_24.jpg 1 0 0 318 159
p/image_25.jpg 1 0 0 299 168
p/image_26.jpg 1 0 0 300 168
p/image_27.jpg 1 0 0 289 174
p/image_28.jpg 1 0 0 318 159
p/image_29.jpg 1 0 0 259 194
p/image_3.jpg 1 0 0 284 178
p/image_30.jpg 1 0 0 262 192
p/image_31.jpg 1 0 0 265 190
p/image_32.jpg 1 0 0 262 192
p/image_33.jpg 1 0 0 262 192
p/image_34.jpg 1 0 0 286 176
p/image_35.jpg 1 0 0 275 183
p/image_36.jpg 1 0 0 259 194
p/image_37.jpg 1 0 0 299 168
p/image_38.jpg 1 0 0 259 194
p/image_39.jpg 1 0 0 225 225
p/image_4.jpg 1 0 0 284 178
p/image_40.jpg 1 0 0 225 225
p/image_41.jpg 1 0 0 204 247
p/image_42.jpg 1 0 0 204 247
p/image_43.jpg 1 0 0 274 184
p/image_44.jpg 1 0 0 300 168
p/image_45.jpg 1 0 0 169 298
p/image_46.jpg 1 0 0 300 168
p/image_47.jpg 1 0 0 275 183
p/image_48.jpg 1 0 0 259 194
p/image_49.jpg 1 0 0 299 168
p/image_5.jpg 1 0 0 300 168
p/image_50.jpg 1 0 0 259 194
p/image_51.jpg 1 0 0 290 174
p/image_52.jpg 1 0 0 299 168
p/image_53.jpg 1 0 0 259 194
p/image_54.jpg 1 0 0 266 189
p/image_55.jpg 1 0 0 262 192
p/image_56.jpg 1 0 0 262 192
p/image_57.jpg 1 0 0 225 225
p/image_58.jpg 1 0 0 276 183
p/image_59.jpg 1 0 0 261 193
p/image_6.jpg 1 0 0 275 183
p/image_60.jpg 1 0 0 322 156
p/image_61.jpg 1 0 0 275 183
p/image_62.jpg 1 0 0 284 177
p/image_63.jpg 1 0 0 300 168
p/image_64.jpg 1 0 0 259 194
p/image_65.jpg 1 0 0 269 188
p/image_66.jpg 1 0 0 275 183
p/image_67.jpg 1 0 0 262 193
p/image_68.jpg 1 0 0 275 183
p/image_69.jpg 1 0 0 183 275
p/image_7.jpg 1 0 0 275 183
p/image_70.jpg 1 0 0 299 168
p/image_71.jpg 1 0 0 300 168
p/image_72.jpg 1 0 0 275 183
p/image_73.jpg 1 0 0 299 169
p/image_74.jpg 1 0 0 300 168
p/image_75.jpg 1 0 0 275 183
p/image_76.jpg 1 0 0 300 168
p/image_77.jpg 1 0 0 239 211
p/image_78.jpg 1 0 0 259 194
p/image_79.jpg 1 0 0 273 184
p/image_8.jpg 1 0 0 275 183
p/image_80.jpg 1 0 0 273 184
p/image_81.jpg 1 0 0 273 185
p/image_82.jpg 1 0 0 299 169
p/image_83.jpg 1 0 0 275 183
p/image_84.jpg 1 0 0 284 177
p/image_85.jpg 1 0 0 300 168
p/image_86.jpg 1 0 0 299 168
p/image_87.jpg 1 0 0 275 183
p/image_88.jpg 1 0 0 275 183
p/image_89.jpg 1 0 0 292 173
p/image_9.jpg 1 0 0 299 168
p/image_90.jpg 1 0 0 321 157
p/image_91.jpg 1 0 0 310 163
p/image_92.jpg 1 0 0 310 163
p/image_93.jpg 1 0 0 291 173
p/image_94.jpg 1 0 0 259 194
p/image_95.jpg 1 0 0 300 168
p/image_96.jpg 1 0 0 300 168
p/image_97.jpg 1 0 0 272 185
p/image_98.jpg 1 0 0 327 154
p/image_99.jpg 1 0 0 327 154